<?xml version="1.0" encoding="UTF-8"?>
<!-- Generated by org.testng.reporters.JUnitXMLReporter -->
<testsuite ignored="0" hostname="DESKTOP-FHMK7OU" failures="0" tests="1" name="Login Test" time="0.081" errors="0" timestamp="2021-09-04T11:46:04 IST">
  <testcase classname="testcases.BaseClassReadconfig" name="@BeforeClass setUp" time="-1.630736164736E9">
    <failure type="org.testng.TestNGException" message="
Method setUp requires 2 parameters but 1 were supplied in the BeforeClass annotation.">
      <![CDATA[org.testng.TestNGException: 
Method setUp requires 2 parameters but 1 were supplied in the BeforeClass annotation.
at java.base/java.util.ArrayList.forEach(ArrayList.java:1511)
... Removed 22 stack frames]]>
    </failure>
  </testcase> <!-- @BeforeClass setUp -->
  <testcase classname="testcases.BaseClassReadconfig" name="@AfterClass tearDown" time="-1.630736164782E9">
    <skipped/>
  </testcase> <!-- @AfterClass tearDown -->
  <testcase classname="testcases.TestCase_001" name="loginTest" time="0.0">
    <skipped/>
  </testcase> <!-- loginTest -->
</testsuite> <!-- Login Test -->
